# JRE version: Java(TM) SE Runtime Environment (8.0_221-b11) (build 1.8.0_221-b11)
# Java VM: Java HotSpot(TM) 64-Bit Server VM (25.221-b11 mixed mode windows-amd64 compressed oops)
Heap:
 PSYoungGen      total 243712K, used 32454K [0x00000000eb500000, 0x00000000ff380000, 0x0000000100000000)
  eden space 226304K, 14% used [0x00000000eb500000,0x00000000ed4b1bf0,0x00000000f9200000)
  from space 17408K, 0% used [0x00000000f9200000,0x00000000f9200000,0x00000000fa300000)
  to   space 16896K, 0% used [0x00000000fe300000,0x00000000fe300000,0x00000000ff380000)
 ParOldGen       total 74752K, used 24491K [0x00000000c1e00000, 0x00000000c6700000, 0x00000000eb500000)
  object space 74752K, 32% used [0x00000000c1e00000,0x00000000c35ead48,0x00000000c6700000)
 Metaspace       used 59365K, capacity 61282K, committed 61528K, reserved 1101824K
  class space    used 8147K, capacity 8498K, committed 8576K, reserved 1048576K
GC Heap History (10 events):
Event: 8.994 GC heap before
{Heap before GC invocations=12 (full 2):
 PSYoungGen      total 186880K, used 8162K [0x00000000eb500000, 0x00000000f7a80000, 0x0000000100000000)
  eden space 178688K, 0% used [0x00000000eb500000,0x00000000eb500000,0x00000000f6380000)
  from space 8192K, 99% used [0x00000000f6e80000,0x00000000f7678a80,0x00000000f7680000)
  to   space 11264K, 0% used [0x00000000f6380000,0x00000000f6380000,0x00000000f6e80000)
 ParOldGen       total 30720K, used 13764K [0x00000000c1e00000, 0x00000000c3c00000, 0x00000000eb500000)
  object space 30720K, 44% used [0x00000000c1e00000,0x00000000c2b71388,0x00000000c3c00000)
 Metaspace       used 34199K, capacity 35322K, committed 35416K, reserved 1079296K
  class space    used 4433K, capacity 4670K, committed 4736K, reserved 1048576K
Event: 9.093 GC heap after
Heap after GC invocations=12 (full 2):
 PSYoungGen      total 186880K, used 0K [0x00000000eb500000, 0x00000000f7a80000, 0x0000000100000000)
  eden space 178688K, 0% used [0x00000000eb500000,0x00000000eb500000,0x00000000f6380000)
  from space 8192K, 0% used [0x00000000f6e80000,0x00000000f6e80000,0x00000000f7680000)
  to   space 11264K, 0% used [0x00000000f6380000,0x00000000f6380000,0x00000000f6e80000)
 ParOldGen       total 52736K, used 16563K [0x00000000c1e00000, 0x00000000c5180000, 0x00000000eb500000)
  object space 52736K, 31% used [0x00000000c1e00000,0x00000000c2e2cdc8,0x00000000c5180000)
 Metaspace       used 34199K, capacity 35322K, committed 35416K, reserved 1079296K
  class space    used 4433K, capacity 4670K, committed 4736K, reserved 1048576K
}
Event: 12.248 GC heap before
{Heap before GC invocations=13 (full 2):
 PSYoungGen      total 186880K, used 178688K [0x00000000eb500000, 0x00000000f7a80000, 0x0000000100000000)
  eden space 178688K, 100% used [0x00000000eb500000,0x00000000f6380000,0x00000000f6380000)
  from space 8192K, 0% used [0x00000000f6e80000,0x00000000f6e80000,0x00000000f7680000)
  to   space 11264K, 0% used [0x00000000f6380000,0x00000000f6380000,0x00000000f6e80000)
 ParOldGen       total 52736K, used 16563K [0x00000000c1e00000, 0x00000000c5180000, 0x00000000eb500000)
  object space 52736K, 31% used [0x00000000c1e00000,0x00000000c2e2cdc8,0x00000000c5180000)
 Metaspace       used 42162K, capacity 43550K, committed 43608K, reserved 1087488K
  class space    used 5462K, capacity 5748K, committed 5760K, reserved 1048576K
Event: 12.279 GC heap after
Heap after GC invocations=13 (full 2):
 PSYoungGen      total 189952K, used 11233K [0x00000000eb500000, 0x00000000faf80000, 0x0000000100000000)
  eden space 178688K, 0% used [0x00000000eb500000,0x00000000eb500000,0x00000000f6380000)
  from space 11264K, 99% used [0x00000000f6380000,0x00000000f6e78430,0x00000000f6e80000)
  to   space 12800K, 0% used [0x00000000fa300000,0x00000000fa300000,0x00000000faf80000)
 ParOldGen       total 52736K, used 16851K [0x00000000c1e00000, 0x00000000c5180000, 0x00000000eb500000)
  object space 52736K, 31% used [0x00000000c1e00000,0x00000000c2e74c68,0x00000000c5180000)
 Metaspace       used 42162K, capacity 43550K, committed 43608K, reserved 1087488K
  class space    used 5462K, capacity 5748K, committed 5760K, reserved 1048576K
}
Event: 16.729 GC heap before
{Heap before GC invocations=14 (full 2):
 PSYoungGen      total 189952K, used 189921K [0x00000000eb500000, 0x00000000faf80000, 0x0000000100000000)
  eden space 178688K, 100% used [0x00000000eb500000,0x00000000f6380000,0x00000000f6380000)
  from space 11264K, 99% used [0x00000000f6380000,0x00000000f6e78430,0x00000000f6e80000)
  to   space 12800K, 0% used [0x00000000fa300000,0x00000000fa300000,0x00000000faf80000)
 ParOldGen       total 52736K, used 16851K [0x00000000c1e00000, 0x00000000c5180000, 0x00000000eb500000)
  object space 52736K, 31% used [0x00000000c1e00000,0x00000000c2e74c68,0x00000000c5180000)
 Metaspace       used 54715K, capacity 56188K, committed 56664K, reserved 1097728K
  class space    used 7438K, capacity 7733K, committed 7808K, reserved 1048576K
Event: 16.754 GC heap after
Heap after GC invocations=14 (full 2):
 PSYoungGen      total 239104K, used 12797K [0x00000000eb500000, 0x00000000fb480000, 0x0000000100000000)
  eden space 226304K, 0% used [0x00000000eb500000,0x00000000eb500000,0x00000000f9200000)
  from space 12800K, 99% used [0x00000000fa300000,0x00000000faf7f490,0x00000000faf80000)
  to   space 17408K, 0% used [0x00000000f9200000,0x00000000f9200000,0x00000000fa300000)
 ParOldGen       total 52736K, used 24181K [0x00000000c1e00000, 0x00000000c5180000, 0x00000000eb500000)
  object space 52736K, 45% used [0x00000000c1e00000,0x00000000c359d478,0x00000000c5180000)
 Metaspace       used 54715K, capacity 56188K, committed 56664K, reserved 1097728K
  class space    used 7438K, capacity 7733K, committed 7808K, reserved 1048576K
}
Event: 17.726 GC heap before
{Heap before GC invocations=15 (full 2):
 PSYoungGen      total 239104K, used 73628K [0x00000000eb500000, 0x00000000fb480000, 0x0000000100000000)
  eden space 226304K, 26% used [0x00000000eb500000,0x00000000ef067ce0,0x00000000f9200000)
  from space 12800K, 99% used [0x00000000fa300000,0x00000000faf7f490,0x00000000faf80000)
  to   space 17408K, 0% used [0x00000000f9200000,0x00000000f9200000,0x00000000fa300000)
 ParOldGen       total 52736K, used 24181K [0x00000000c1e00000, 0x00000000c5180000, 0x00000000eb500000)
  object space 52736K, 45% used [0x00000000c1e00000,0x00000000c359d478,0x00000000c5180000)
 Metaspace       used 57294K, capacity 58760K, committed 59028K, reserved 1099776K
  class space    used 7827K, capacity 8137K, committed 8192K, reserved 1048576K
Event: 17.746 GC heap after
Heap after GC invocations=15 (full 2):
 PSYoungGen      total 243712K, used 4298K [0x00000000eb500000, 0x00000000ff380000, 0x0000000100000000)
  eden space 226304K, 0% used [0x00000000eb500000,0x00000000eb500000,0x00000000f9200000)
  from space 17408K, 24% used [0x00000000f9200000,0x00000000f9632a78,0x00000000fa300000)
  to   space 16896K, 0% used [0x00000000fe300000,0x00000000fe300000,0x00000000ff380000)
 ParOldGen       total 52736K, used 28445K [0x00000000c1e00000, 0x00000000c5180000, 0x00000000eb500000)
  object space 52736K, 53% used [0x00000000c1e00000,0x00000000c39c7618,0x00000000c5180000)
 Metaspace       used 57294K, capacity 58760K, committed 59028K, reserved 1099776K
  class space    used 7827K, capacity 8137K, committed 8192K, reserved 1048576K
}
Event: 17.746 GC heap before
{Heap before GC invocations=16 (full 3):
 PSYoungGen      total 243712K, used 4298K [0x00000000eb500000, 0x00000000ff380000, 0x0000000100000000)
  eden space 226304K, 0% used [0x00000000eb500000,0x00000000eb500000,0x00000000f9200000)
  from space 17408K, 24% used [0x00000000f9200000,0x00000000f9632a78,0x00000000fa300000)
  to   space 16896K, 0% used [0x00000000fe300000,0x00000000fe300000,0x00000000ff380000)
 ParOldGen       total 52736K, used 28445K [0x00000000c1e00000, 0x00000000c5180000, 0x00000000eb500000)
  object space 52736K, 53% used [0x00000000c1e00000,0x00000000c39c7618,0x00000000c5180000)
 Metaspace       used 57294K, capacity 58760K, committed 59028K, reserved 1099776K
  class space    used 7827K, capacity 8137K, committed 8192K, reserved 1048576K
Event: 18.053 GC heap after
Heap after GC invocations=16 (full 3):
 PSYoungGen      total 243712K, used 0K [0x00000000eb500000, 0x00000000ff380000, 0x0000000100000000)
  eden space 226304K, 0% used [0x00000000eb500000,0x00000000eb500000,0x00000000f9200000)
  from space 17408K, 0% used [0x00000000f9200000,0x00000000f9200000,0x00000000fa300000)
  to   space 16896K, 0% used [0x00000000fe300000,0x00000000fe300000,0x00000000ff380000)
 ParOldGen       total 74752K, used 24491K [0x00000000c1e00000, 0x00000000c6700000, 0x00000000eb500000)
  object space 74752K, 32% used [0x00000000c1e00000,0x00000000c35ead48,0x00000000c6700000)
 Metaspace       used 57294K, capacity 58760K, committed 59028K, reserved 1099776K
  class space    used 7827K, capacity 8137K, committed 8192K, reserved 1048576K
}

